[0908/015726:ERROR:network_change_notifier_win.cc(111)] WSALookupServiceBegin failed with: 8
[0908/015730:WARNING:backend_impl.cc(1660)] Messed up entry found.
[0908/015730:WARNING:backend_impl.cc(1946)] Destroying invalid entry.
[0908/015733:WARNING:backend_impl.cc(1660)] Messed up entry found.
[0908/015733:WARNING:backend_impl.cc(1946)] Destroying invalid entry.
[0908/015746:ERROR:network_change_notifier_win.cc(111)] WSALookupServiceBegin failed with: 8
[0908/015758:ERROR:network_change_notifier_win.cc(111)] WSALookupServiceBegin failed with: 8
[0908/020012:WARNING:net_errors_win.cc(114)] Unknown error 64 mapped to net::ERR_FAILED
[0908/020012:WARNING:nss_ssl_util.cc(124)] MapErrorToNSS -2 mapped to PR_UNKNOWN_ERROR
[0908/020012:WARNING:net_errors_win.cc(114)] Unknown error 64 mapped to net::ERR_FAILED
[0908/020012:WARNING:nss_ssl_util.cc(124)] MapErrorToNSS -2 mapped to PR_UNKNOWN_ERROR
[0908/020012:WARNING:net_errors_win.cc(114)] Unknown error 64 mapped to net::ERR_FAILED
[0908/020012:WARNING:nss_ssl_util.cc(124)] MapErrorToNSS -2 mapped to PR_UNKNOWN_ERROR
[0908/020012:WARNING:net_errors_win.cc(114)] Unknown error 64 mapped to net::ERR_FAILED
[0908/020012:WARNING:nss_ssl_util.cc(124)] MapErrorToNSS -2 mapped to PR_UNKNOWN_ERROR
[0908/020012:WARNING:net_errors_win.cc(114)] Unknown error 64 mapped to net::ERR_FAILED
[0908/020012:WARNING:nss_ssl_util.cc(124)] MapErrorToNSS -2 mapped to PR_UNKNOWN_ERROR
[0908/020613:WARNING:net_errors_win.cc(114)] Unknown error 64 mapped to net::ERR_FAILED
[0908/020613:WARNING:nss_ssl_util.cc(124)] MapErrorToNSS -2 mapped to PR_UNKNOWN_ERROR
[0908/034745:WARNING:net_errors_win.cc(114)] Unknown error 64 mapped to net::ERR_FAILED
[0908/034745:WARNING:nss_ssl_util.cc(124)] MapErrorToNSS -2 mapped to PR_UNKNOWN_ERROR
[0908/034845:WARNING:net_errors_win.cc(114)] Unknown error 64 mapped to net::ERR_FAILED
[0908/034845:WARNING:nss_ssl_util.cc(124)] MapErrorToNSS -2 mapped to PR_UNKNOWN_ERROR
